[     115ms] [LOG] [Fast Refresh] rebuilding @ http://localhost:3000/_next/static/chunks/0avl_next_dist_0o7asmo._.js:2431
[     176ms] [LOG] [Fast Refresh] done in 168ms @ http://localhost:3000/_next/static/chunks/0avl_next_dist_0o7asmo._.js:2431
[     235ms] [INFO] %cDownload the React DevTools for a better development experience: https://react.dev/link/react-devtools font-weight:bold @ http://localhost:3000/_next/static/chunks/0avl_next_dist_0o7asmo._.js:2431
[     258ms] [LOG] [HMR] connected @ http://localhost:3000/_next/static/chunks/0avl_next_dist_0o7asmo._.js:2431
[  106513ms] [INFO] %cDownload the React DevTools for a better development experience: https://react.dev/link/react-devtools font-weight:bold @ http://localhost:3000/_next/static/chunks/0avl_next_dist_0o7asmo._.js:2431
[  106531ms] [LOG] [HMR] connected @ http://localhost:3000/_next/static/chunks/0avl_next_dist_0o7asmo._.js:2431
[  143405ms] [LOG] [Fast Refresh] rebuilding @ http://localhost:3000/_next/static/chunks/0avl_next_dist_0o7asmo._.js:2431
[  143999ms] [LOG] [Fast Refresh] done in 695ms @ http://localhost:3000/_next/static/chunks/0avl_next_dist_0o7asmo._.js:2431
[  144050ms] [INFO] %cDownload the React DevTools for a better development experience: https://react.dev/link/react-devtools font-weight:bold @ http://localhost:3000/_next/static/chunks/0avl_next_dist_0o7asmo._.js:2431
[  144070ms] [LOG] [HMR] connected @ http://localhost:3000/_next/static/chunks/0avl_next_dist_0o7asmo._.js:2431
[  146482ms] [INFO] %cDownload the React DevTools for a better development experience: https://react.dev/link/react-devtools font-weight:bold @ http://localhost:3000/_next/static/chunks/0avl_next_dist_0o7asmo._.js:2431
[  146498ms] [LOG] [HMR] connected @ http://localhost:3000/_next/static/chunks/0avl_next_dist_0o7asmo._.js:2431
[  151804ms] [INFO] %cDownload the React DevTools for a better development experience: https://react.dev/link/react-devtools font-weight:bold @ http://localhost:3000/_next/static/chunks/0avl_next_dist_0o7asmo._.js:2431
[  151824ms] [LOG] [HMR] connected @ http://localhost:3000/_next/static/chunks/0avl_next_dist_0o7asmo._.js:2431
[  155106ms] [INFO] %cDownload the React DevTools for a better development experience: https://react.dev/link/react-devtools font-weight:bold @ http://localhost:3000/_next/static/chunks/0avl_next_dist_0o7asmo._.js:2431
[  155123ms] [LOG] [HMR] connected @ http://localhost:3000/_next/static/chunks/0avl_next_dist_0o7asmo._.js:2431
[  273762ms] [LOG] [Fast Refresh] rebuilding @ http://localhost:3000/_next/static/chunks/0avl_next_dist_0o7asmo._.js:2431
[  273984ms] [LOG] [Fast Refresh] done in 68ms @ http://localhost:3000/_next/static/chunks/0avl_next_dist_0o7asmo._.js:2431
[  287862ms] [LOG] [Fast Refresh] rebuilding @ http://localhost:3000/_next/static/chunks/0avl_next_dist_0o7asmo._.js:2431
[  288023ms] [LOG] [Fast Refresh] done in 62ms @ http://localhost:3000/_next/static/chunks/0avl_next_dist_0o7asmo._.js:2431
